./sdriver.pl -t trace01.txt -s ./tsh -a "-p"
#
# trace01.txt - Properly terminate on EOF.
#
./sdriver.pl -t trace02.txt -s ./tsh -a "-p"
#
# trace02.txt - Process builtin quit command.
#
./sdriver.pl -t trace03.txt -s ./tsh -a "-p"
#
# trace03.txt - Run a foreground job.
#
-e tsh\076 ./myspin 1
./sdriver.pl -t trace04.txt -s ./tsh -a "-p"
#
# trace04.txt - Run a background job.
#
-e tsh\076 ./myspin 1 \046
[1] (3757) ./myspin 1 &
./sdriver.pl -t trace05.txt -s ./tsh -a "-p"
#
# trace05.txt - Process jobs builtin command.
#
-e tsh\076 ./myspin 2 \046
[1] (3763) ./myspin 2 &
-e tsh\076 ./myspin 3 \046
[2] (3765) ./myspin 3 &
-e tsh\076 jobs
[1] (3763) Running ./myspin 2 &
[2] (3765) Running ./myspin 3 &
./sdriver.pl -t trace06.txt -s ./tsh -a "-p"
#
# trace06.txt - Forward SIGINT to foreground job.
#
-e tsh\076 ./myspin 4
Job [1] (3772) terminated by signal 2
./sdriver.pl -t trace07.txt -s ./tsh -a "-p"
#
# trace07.txt - Forward SIGINT only to foreground job.
#
-e tsh\076 ./myspin 4 \046
[1] (3778) ./myspin 4 &
-e tsh\076 ./myspin 5
Job [2] (3780) terminated by signal 2
-e tsh\076 jobs
[1] (3778) Running ./myspin 4 &
./sdriver.pl -t trace08.txt -s ./tsh -a "-p"
#
# trace08.txt - Forward SIGTSTP only to foreground job.
#
-e tsh\076 ./myspin 4 \046
[1] (3787) ./myspin 4 &
-e tsh\076 ./myspin 5
Job [2] (3789) stopped by signal 18
-e tsh\076 jobs
[1] (3787) Running ./myspin 4 &
[2] (3789) Stopped ./myspin 5 
./sdriver.pl -t trace09.txt -s ./tsh -a "-p"
#
# trace09.txt - Process bg builtin command
#
-e tsh\076 ./myspin 4 \046
[1] (3796) ./myspin 4 &
-e tsh\076 ./myspin 5
Job [2] (3798) stopped by signal 18
-e tsh\076 jobs
[1] (3796) Running ./myspin 4 &
[2] (3798) Stopped ./myspin 5 
-e tsh\076 bg %2
[2] (3798) ./myspin 5 
-e tsh\076 jobs
[1] (3796) Running ./myspin 4 &
[2] (3798) Running ./myspin 5 
./sdriver.pl -t trace10.txt -s ./tsh -a "-p"
#
# trace10.txt - Process fg builtin command. 
#
-e tsh\076 ./myspin 4 \046
[1] (3807) ./myspin 4 &
-e tsh\076 fg %1

Job [1] (3807) stopped by signal 18
-e tsh\076 jobs
[1] (3807) Stopped ./myspin 4 &
-e tsh\076 fg %1

-e tsh\076 jobs
./sdriver.pl -t trace11.txt -s ./tsh -a "-p"
#
# trace11.txt - Forward SIGINT to every process in foreground process group
#
-e tsh\076 ./mysplit 4
Job [1] (3817) terminated by signal 2
-e tsh\076 /bin/ps t
ps: stdin: not a terminal
./sdriver.pl -t trace12.txt -s ./tsh -a "-p"
#
# trace12.txt - Forward SIGTSTP to every process in foreground process group
#
-e tsh\076 ./mysplit 4
Job [1] (3826) stopped by signal 18
-e tsh\076 jobs
[1] (3826) Stopped ./mysplit 4 
-e tsh\076 /bin/ps t
ps: stdin: not a terminal
./sdriver.pl -t trace13.txt -s ./tsh -a "-p"
#
# trace13.txt - Restart every stopped process in process group
#
-e tsh\076 ./mysplit 4
Job [1] (3836) stopped by signal 18
-e tsh\076 jobs
[1] (3836) Stopped ./mysplit 4 
-e tsh\076 /bin/ps t
ps: stdin: not a terminal
-e tsh\076 fg %1

-e tsh\076 /bin/ps t
ps: stdin: not a terminal
./sdriver.pl -t trace14.txt -s ./tsh -a "-p"
#
# trace14.txt - Simple error handling
#
-e tsh\076 ./bogus
./bogus: Command not found
-e tsh\076 ./myspin 4 \046
[1] (3851) ./myspin 4 &
-e tsh\076 fg
fg command requires PID or %jid argument
-e tsh\076 bg
bg command requires PID or %jid argument
-e tsh\076 fg a
fg: argument must be a PID or %jid
-e tsh\076 bg a
bg: argument must be a PID or %jid
-e tsh\076 fg 9999999
(9999999): No such process
-e tsh\076 bg 9999999
(9999999): No such process
-e tsh\076 fg %2
%2: No such job
-e tsh\076 fg %1

Job [1] (3851) stopped by signal 18
-e tsh\076 bg %2
%2: No such job
-e tsh\076 bg %1
[1] (3851) ./myspin 4 &
-e tsh\076 jobs
[1] (3851) Running ./myspin 4 &
./sdriver.pl -t trace15.txt -s ./tsh -a "-p"
#
# trace15.txt - Putting it all together
#
-e tsh\076 ./bogus
./bogus: Command not found
-e tsh\076 ./myspin 10
Job [1] (3870) terminated by signal 2
-e tsh\076 ./myspin 3 \046
[1] (3872) ./myspin 3 &
-e tsh\076 ./myspin 4 \046
[2] (3874) ./myspin 4 &
-e tsh\076 jobs
[1] (3872) Running ./myspin 3 &
[2] (3874) Running ./myspin 4 &
-e tsh\076 fg %1

Job [1] (3872) stopped by signal 18
-e tsh\076 jobs
[1] (3872) Stopped ./myspin 3 &
[2] (3874) Running ./myspin 4 &
-e tsh\076 bg %3
%3: No such job
-e tsh\076 bg %1
[1] (3872) ./myspin 3 &
-e tsh\076 jobs
[1] (3872) Running ./myspin 3 &
[2] (3874) Running ./myspin 4 &
-e tsh\076 fg %1

-e tsh\076 quit
./sdriver.pl -t trace16.txt -s ./tsh -a "-p"
#
# trace16.txt - Tests whether the shell can handle SIGTSTP and SIGINT
#     signals that come from other processes instead of the terminal.
#
-e tsh\076 ./mystop 2
Job [1] (3888) stopped by signal 18
-e tsh\076 jobs
[1] (3888) Stopped ./mystop 2
-e tsh\076 ./myint 2
Job [2] (3891) terminated by signal 2
./sdriver.pl -t trace17.txt -s ./tsh -a "-p"
#
# trace17.txt - Tests whether the shell can handle I/O redirection
#
-e tsh\076 /bin/echo hello \076 outfile
hello > outfile
-e tsh\076 /bin/cat \074 outfile
cat: <: No such file or directory
hello
